<?xml version="1.0" encoding="UTF-8"?>
<testng-results ignored="0" total="1" passed="1" failed="0" skipped="0">
  <reporter-output>
  </reporter-output>
  <suite started-at="2023-11-02T20:01:55 IST" name="Default suite" finished-at="2023-11-02T20:02:48 IST" duration-ms="52684">
    <groups>
    </groups>
    <test started-at="2023-11-02T20:01:55 IST" name="Default test" finished-at="2023-11-02T20:02:48 IST" duration-ms="52684">
      <class name="testautomation.testauto">
        <test-method is-config="true" signature="setup()[pri:0, instance:testautomation.testauto@59474f18]" started-at="2023-11-02T20:01:55 IST" name="setup" finished-at="2023-11-02T20:02:00 IST" duration-ms="4879" status="PASS">
          <reporter-output>
          </reporter-output>
        </test-method> <!-- setup -->
        <test-method is-config="true" signature="urlloading()[pri:0, instance:testautomation.testauto@59474f18]" started-at="2023-11-02T20:02:00 IST" name="urlloading" finished-at="2023-11-02T20:02:36 IST" duration-ms="36675" status="PASS">
          <reporter-output>
          </reporter-output>
        </test-method> <!-- urlloading -->
        <test-method signature="test()[pri:0, instance:testautomation.testauto@59474f18]" started-at="2023-11-02T20:02:36 IST" name="test" finished-at="2023-11-02T20:02:48 IST" duration-ms="11090" status="PASS">
          <reporter-output>
          </reporter-output>
        </test-method> <!-- test -->
      </class> <!-- testautomation.testauto -->
    </test> <!-- Default test -->
  </suite> <!-- Default suite -->
</testng-results>
